<?xml version="1.0" encoding="UTF-8"?>
<!-- Generated by org.testng.reporters.JUnitReportReporter -->
<testsuite skipped="0" hostname="DESKTOP-GBIAN8G" name="Ayansys_solutions.TestNG.TestNg1" tests="1" failures="0" timestamp="2020-10-24T11:18:29 IST" time="0.015" errors="0">
  <testcase name="add" time="0.015" classname="Ayansys_solutions.TestNG.TestNg1"/>
  <system-out/>
</testsuite> <!-- Ayansys_solutions.TestNG.TestNg1 -->
